HiCoAssetsManager/app/build/intermediates/manifest_merge_blame_file/debug/processDebugMainManifest/manifest-merger-blame-debug-report.txt
1<?xml version="1.0" encoding="utf-8"?>
2<manifest xmlns:android="http://schemas.android.com/apk/res/android"
3    package="com.hico.assetsmanager"
4    android:versionCode="1"
5    android:versionName="1.0" >
6
7    <uses-sdk
8        android:minSdkVersion="23"
9        android:targetSdkVersion="35" />
10
11    <uses-permission android:name="android.permission.RECEIVE_BOOT_COMPLETED" />
11-->src\main\AndroidManifest.xml:3:5-81
11-->src\main\AndroidManifest.xml:3:22-78
12
13    <permission
13-->src\main\AndroidManifest.xml:4:5-6:44
14        android:name="com.hico.assetsmanager.READ_BIENS"
14-->src\main\AndroidManifest.xml:5:9-57
15        android:protectionLevel="normal" />
15-->src\main\AndroidManifest.xml:6:9-41
16    <permission
16-->[androidx.core:core:1.13.0] AndroidManifest.xml:22:5-24:47
17        android:name="com.hico.assetsmanager.DYNAMIC_RECEIVER_NOT_EXPORTED_PERMISSION"
17-->[androidx.core:core:1.13.0] AndroidManifest.xml:23:9-81
18        android:protectionLevel="signature" />
18-->[androidx.core:core:1.13.0] AndroidManifest.xml:24:9-44
19
20    <uses-permission android:name="com.hico.assetsmanager.DYNAMIC_RECEIVER_NOT_EXPORTED_PERMISSION" />
20-->[androidx.core:core:1.13.0] AndroidManifest.xml:26:5-97
20-->[androidx.core:core:1.13.0] AndroidManifest.xml:26:22-94
21
22    <application
22-->src\main\AndroidManifest.xml:8:5-62:19
23        android:allowBackup="true"
23-->src\main\AndroidManifest.xml:9:9-35
24        android:appComponentFactory="androidx.core.app.CoreComponentFactory"
24-->[androidx.core:core:1.13.0] AndroidManifest.xml:28:18-86
25        android:debuggable="true"
26        android:extractNativeLibs="false"
27        android:icon="@drawable/ic_hico_logo"
27-->src\main\AndroidManifest.xml:10:9-46
28        android:label="@string/app_name"
28-->src\main\AndroidManifest.xml:11:9-41
29        android:roundIcon="@drawable/ic_hico_logo"
29-->src\main\AndroidManifest.xml:12:9-51
30        android:supportsRtl="true"
30-->src\main\AndroidManifest.xml:13:9-35
31        android:theme="@style/Theme.HiCoAssetsManager" >
31-->src\main\AndroidManifest.xml:14:9-55
32        <activity android:name="com.hico.assetsmanager.AddEditBienActivity" />
32-->src\main\AndroidManifest.xml:16:9-57
32-->src\main\AndroidManifest.xml:16:19-54
33        <activity android:name="com.hico.assetsmanager.UserRequestsActivity" />
33-->src\main\AndroidManifest.xml:17:9-58
33-->src\main\AndroidManifest.xml:17:19-55
34        <activity android:name="com.hico.assetsmanager.SignupActivity" />
34-->src\main\AndroidManifest.xml:18:9-52
34-->src\main\AndroidManifest.xml:18:19-49
35        <activity android:name="com.hico.assetsmanager.MainActivity" />
35-->src\main\AndroidManifest.xml:19:9-50
35-->src\main\AndroidManifest.xml:19:19-47
36        <activity android:name="com.hico.assetsmanager.LoginActivity" />
36-->src\main\AndroidManifest.xml:20:9-51
36-->src\main\AndroidManifest.xml:20:19-48
37        <activity
37-->src\main\AndroidManifest.xml:21:9-28:20
38            android:name="com.hico.assetsmanager.SplashActivity"
38-->src\main\AndroidManifest.xml:22:13-43
39            android:exported="true" >
39-->src\main\AndroidManifest.xml:23:13-36
40            <intent-filter>
40-->src\main\AndroidManifest.xml:24:13-27:29
41                <action android:name="android.intent.action.MAIN" />
41-->src\main\AndroidManifest.xml:25:17-69
41-->src\main\AndroidManifest.xml:25:25-66
42
43                <category android:name="android.intent.category.LAUNCHER" />
43-->src\main\AndroidManifest.xml:26:17-77
43-->src\main\AndroidManifest.xml:26:27-74
44            </intent-filter>
45        </activity>
46
47        <provider
47-->src\main\AndroidManifest.xml:30:9-34:74
48            android:name="com.hico.assetsmanager.provider.BienContentProvider"
48-->src\main\AndroidManifest.xml:31:13-57
49            android:authorities="com.hico.assetsprovider"
49-->src\main\AndroidManifest.xml:32:13-58
50            android:exported="true"
50-->src\main\AndroidManifest.xml:33:13-36
51            android:readPermission="com.hico.assetsmanager.READ_BIENS" />
51-->src\main\AndroidManifest.xml:34:13-71
52
53        <receiver
53-->src\main\AndroidManifest.xml:36:9-43:20
54            android:name="com.hico.assetsmanager.receiver.BootReceiver"
54-->src\main\AndroidManifest.xml:37:13-50
55            android:enabled="true"
55-->src\main\AndroidManifest.xml:38:13-35
56            android:exported="true" >
56-->src\main\AndroidManifest.xml:39:13-36
57            <intent-filter>
57-->src\main\AndroidManifest.xml:40:13-42:29
58                <action android:name="android.intent.action.BOOT_COMPLETED" />
58-->src\main\AndroidManifest.xml:41:17-79
58-->src\main\AndroidManifest.xml:41:25-76
59            </intent-filter>
60        </receiver>
61        <receiver
61-->src\main\AndroidManifest.xml:45:9-52:20
62            android:name="com.hico.assetsmanager.receiver.TimeChangeReceiver"
62-->src\main\AndroidManifest.xml:46:13-56
63            android:enabled="true"
63-->src\main\AndroidManifest.xml:47:13-35
64            android:exported="true" >
64-->src\main\AndroidManifest.xml:48:13-36
65            <intent-filter>
65-->src\main\AndroidManifest.xml:49:13-51:29
66                <action android:name="android.intent.action.TIME_SET" />
66-->src\main\AndroidManifest.xml:50:17-73
66-->src\main\AndroidManifest.xml:50:25-70
67            </intent-filter>
68        </receiver>
69        <receiver
69-->src\main\AndroidManifest.xml:54:9-61:20
70            android:name="com.hico.assetsmanager.receiver.BienRequestReceiver"
70-->src\main\AndroidManifest.xml:55:13-57
71            android:enabled="true"
71-->src\main\AndroidManifest.xml:56:13-35
72            android:exported="true" >
72-->src\main\AndroidManifest.xml:57:13-36
73            <intent-filter>
73-->src\main\AndroidManifest.xml:58:13-60:29
74                <action android:name="com.hico.assetsmanager.REQUEST_BIEN" />
74-->src\main\AndroidManifest.xml:59:17-78
74-->src\main\AndroidManifest.xml:59:25-75
75            </intent-filter>
76        </receiver>
77
78        <provider
78-->[androidx.emoji2:emoji2:1.3.0] AndroidManifest.xml:24:9-32:20
79            android:name="androidx.startup.InitializationProvider"
79-->[androidx.emoji2:emoji2:1.3.0] AndroidManifest.xml:25:13-67
80            android:authorities="com.hico.assetsmanager.androidx-startup"
80-->[androidx.emoji2:emoji2:1.3.0] AndroidManifest.xml:26:13-68
81            android:exported="false" >
81-->[androidx.emoji2:emoji2:1.3.0] AndroidManifest.xml:27:13-37
82            <meta-data
82-->[androidx.emoji2:emoji2:1.3.0] AndroidManifest.xml:29:13-31:52
83                android:name="androidx.emoji2.text.EmojiCompatInitializer"
83-->[androidx.emoji2:emoji2:1.3.0] AndroidManifest.xml:30:17-75
84                android:value="androidx.startup" />
84-->[androidx.emoji2:emoji2:1.3.0] AndroidManifest.xml:31:17-49
85            <meta-data
85-->[androidx.lifecycle:lifecycle-process:2.6.2] AndroidManifest.xml:29:13-31:52
86                android:name="androidx.lifecycle.ProcessLifecycleInitializer"
86-->[androidx.lifecycle:lifecycle-process:2.6.2] AndroidManifest.xml:30:17-78
87                android:value="androidx.startup" />
87-->[androidx.lifecycle:lifecycle-process:2.6.2] AndroidManifest.xml:31:17-49
88            <meta-data
88-->[androidx.profileinstaller:profileinstaller:1.3.1] AndroidManifest.xml:29:13-31:52
89                android:name="androidx.profileinstaller.ProfileInstallerInitializer"
89-->[androidx.profileinstaller:profileinstaller:1.3.1] AndroidManifest.xml:30:17-85
90                android:value="androidx.startup" />
90-->[androidx.profileinstaller:profileinstaller:1.3.1] AndroidManifest.xml:31:17-49
91        </provider>
92
93        <receiver
93-->[androidx.profileinstaller:profileinstaller:1.3.1] AndroidManifest.xml:34:9-52:20
94            android:name="androidx.profileinstaller.ProfileInstallReceiver"
94-->[androidx.profileinstaller:profileinstaller:1.3.1] AndroidManifest.xml:35:13-76
95            android:directBootAware="false"
95-->[androidx.profileinstaller:profileinstaller:1.3.1] AndroidManifest.xml:36:13-44
96            android:enabled="true"
96-->[androidx.profileinstaller:profileinstaller:1.3.1] AndroidManifest.xml:37:13-35
97            android:exported="true"
97-->[androidx.profileinstaller:profileinstaller:1.3.1] AndroidManifest.xml:38:13-36
98            android:permission="android.permission.DUMP" >
98-->[androidx.profileinstaller:profileinstaller:1.3.1] AndroidManifest.xml:39:13-57
99            <intent-filter>
99-->[androidx.profileinstaller:profileinstaller:1.3.1] AndroidManifest.xml:40:13-42:29
100                <action android:name="androidx.profileinstaller.action.INSTALL_PROFILE" />
100-->[androidx.profileinstaller:profileinstaller:1.3.1] AndroidManifest.xml:41:17-91
100-->[androidx.profileinstaller:profileinstaller:1.3.1] AndroidManifest.xml:41:25-88
101            </intent-filter>
102            <intent-filter>
102-->[androidx.profileinstaller:profileinstaller:1.3.1] AndroidManifest.xml:43:13-45:29
103                <action android:name="androidx.profileinstaller.action.SKIP_FILE" />
103-->[androidx.profileinstaller:profileinstaller:1.3.1] AndroidManifest.xml:44:17-85
103-->[androidx.profileinstaller:profileinstaller:1.3.1] AndroidManifest.xml:44:25-82
104            </intent-filter>
105            <intent-filter>
105-->[androidx.profileinstaller:profileinstaller:1.3.1] AndroidManifest.xml:46:13-48:29
106                <action android:name="androidx.profileinstaller.action.SAVE_PROFILE" />
106-->[androidx.profileinstaller:profileinstaller:1.3.1] AndroidManifest.xml:47:17-88
106-->[androidx.profileinstaller:profileinstaller:1.3.1] AndroidManifest.xml:47:25-85
107            </intent-filter>
108            <intent-filter>
108-->[androidx.profileinstaller:profileinstaller:1.3.1] AndroidManifest.xml:49:13-51:29
109                <action android:name="androidx.profileinstaller.action.BENCHMARK_OPERATION" />
109-->[androidx.profileinstaller:profileinstaller:1.3.1] AndroidManifest.xml:50:17-95
109-->[androidx.profileinstaller:profileinstaller:1.3.1] AndroidManifest.xml:50:25-92
110            </intent-filter>
111        </receiver>
112    </application>
113
114</manifest>